Build started 2010-12-04 16:03:46.
     1>Project "C:\Users\Public\Documents\GameEngings\SimEngines-g5\g5-main\g5-main\g5-main.vcxproj" on node 2 (build target(s)).
     1>InitializeBuildStatus:
         Touching "obj\Debug\g5-main.unsuccessfulbuild".
       ClCompile:
         C:\Program Files (x86)\Microsoft Visual Studio 10.0\VC\bin\CL.exe /c /I"C:\Users\Public\Documents\GameEngings\SimEngines-g5\david" /Iinclude /I"C:\Users\Public\Documents\GameEngings\libs-SDK\OgreSDK\OgreSDK_vc10_v1-7-1\include" /I"C:\Users\Public\Documents\GameEngings\libs-SDK\OgreSDK\OgreSDK_vc10_v1-7-1\include\OIS" /I"C:\Users\Public\Documents\GameEngings\libs-SDK\OgreSDK\OgreSDK_vc10_v1-7-1\include\OGRE" /I"C:\Users\Public\Documents\GameEngings\libs-SDK\OgreSDK\OgreSDK_vc10_v1-7-1\Samples\Common\include" /I"C:\Users\Public\Documents\GameEngings\libs-SDK\OgreSDK\OgreSDK_vc10_v1-7-1\boost_1_42" /I"C:\Users\Public\Documents\GameEngings\SimEngines-g5\isac\include" /I"C:\Users\Public\Documents\GameEngings\libs-SDK\CeguiSDK\CEGUI-SDK-0.7.5-vc10\cegui\include" /I"C:\Users\Public\Documents\GameEngings\libs-SDK\CeguiSDK\CEGUI-SDK-0.7.5-vc10\cegui\include\RendererModules\Ogre" /I"C:\Users\Public\Documents\GameEngings\libs-SDK\BulletSDK\bullet-2.77\src" /I"C:\Users\Public\Documents\GameEngings\libs-SDK\OgreBullet\Collisions\include" /I"C:\Users\Public\Documents\GameEngings\libs-SDK\OgreBullet\Dynamics\include" /ZI /nologo /W3 /WX- /Od /Oy- /D WIN32 /D _DEBUG /D _WINDOWS /D _MBCS /Gm /EHsc /RTC1 /MDd /GS /Gy /fp:fast /Zc:wchar_t /Zc:forScope /GR /Fo"obj\Debug\\" /Fd"obj\Debug\vc100.pdb" /Gd /TP /analyze- /errorReport:prompt ..\..\david\RandGen.cpp
         RandGen.cpp
     1>c:\users\public\documents\gameengings\simengines-g5\david\randgen.cpp(73): warning C4101: 'tmp_room' : unreferenced local variable
     1>c:\users\public\documents\gameengings\simengines-g5\david\randgen.cpp(175): warning C4244: 'argument' : conversion from 'time_t' to 'unsigned int', possible loss of data
       ResourceCompile:
         All outputs are up-to-date.
       ManifestResourceCompile:
         All outputs are up-to-date.
       Link:
         C:\Program Files (x86)\Microsoft Visual Studio 10.0\VC\bin\link.exe /ERRORREPORT:PROMPT /OUT:"bin\Debug\\g5-main.exe" /INCREMENTAL /NOLOGO /LIBPATH:"C:\Users\Public\Documents\GameEngings\libs-SDK\OgreSDK\OgreSDK_vc10_v1-7-1\lib\debug" /LIBPATH:"C:\Users\Public\Documents\GameEngings\libs-SDK\OgreSDK\OgreSDK_vc10_v1-7-1\boost_1_42\lib" /LIBPATH:"C:\Users\Public\Documents\GameEngings\libs-SDK\CeguiSDK\CEGUI-SDK-0.7.5-vc10\lib" /LIBPATH:"C:\Users\Public\Documents\GameEngings\libs-sdk\BulletSDK\bullet-2.77\msvc\2008\lib\Debug" /LIBPATH:"C:\Users\Public\Documents\GameEngings\libs-sdk\OgreBullet\lib\Debug" OgreMain_d.lib OIS_d.lib CEGUIBase_d.lib CEGUIOgreRenderer_d.lib OgreBulletCollisions_d.lib OgreBulletDynamics_d.lib bulletcollision.lib bulletdynamics.lib LinearMath.lib GIMPACTutils.lib ConvexDecomposition.lib kernel32.lib user32.lib gdi32.lib winspool.lib comdlg32.lib advapi32.lib shell32.lib ole32.lib oleaut32.lib uuid.lib odbc32.lib odbccp32.lib /MANIFEST /ManifestFile:"obj\Debug\g5-main.exe.intermediate.manifest" /MANIFESTUAC:"level='asInvoker' uiAccess='false'" /DEBUG /PDB:"bin\Debug\/g5-main.pdb" /SUBSYSTEM:WINDOWS /TLBID:1 /DYNAMICBASE /NXCOMPAT /IMPLIB:"bin\Debug\g5-main.lib" /MACHINE:X86 obj\Debug\g5main.res
         "obj\Debug\g5-main.exe.embed.manifest.res"
         obj\Debug\MapCreate.obj
         obj\Debug\RandGen.obj
         obj\Debug\OgreCEGUI.obj
         obj\Debug\BaseApplication.obj
         obj\Debug\g5main.obj
         obj\Debug\OBBox.obj
         obj\Debug\OgreBulletProg.obj
            Creating library bin\Debug\g5-main.lib and object bin\Debug\g5-main.exp
     1>OgreBulletCollisions_d.lib(OgreBulletCollisionsObject.obj) : warning LNK4099: PDB 'vc100.pdb' was not found with 'OgreBulletCollisions_d.lib(OgreBulletCollisionsObject.obj)' or at 'C:\Users\Public\Documents\GameEngings\SimEngines-g5\g5-main\g5-main\bin\Debug\vc100.pdb'; linking object as if no debug info
     1>OgreBulletCollisions_d.lib(OgreBulletCollisionsObjectState.obj) : warning LNK4099: PDB 'vc100.pdb' was not found with 'OgreBulletCollisions_d.lib(OgreBulletCollisionsObjectState.obj)' or at 'C:\Users\Public\Documents\GameEngings\SimEngines-g5\g5-main\g5-main\bin\Debug\vc100.pdb'; linking object as if no debug info
     1>OgreBulletCollisions_d.lib(OgreBulletCollisionsPrecompiled.obj) : warning LNK4099: PDB 'vc100.pdb' was not found with 'OgreBulletCollisions_d.lib(OgreBulletCollisionsPrecompiled.obj)' or at 'C:\Users\Public\Documents\GameEngings\SimEngines-g5\g5-main\g5-main\bin\Debug\vc100.pdb'; linking object as if no debug info
     1>OgreBulletCollisions_d.lib(OgreBulletCollisionsRay.obj) : warning LNK4099: PDB 'vc100.pdb' was not found with 'OgreBulletCollisions_d.lib(OgreBulletCollisionsRay.obj)' or at 'C:\Users\Public\Documents\GameEngings\SimEngines-g5\g5-main\g5-main\bin\Debug\vc100.pdb'; linking object as if no debug info
     1>OgreBulletCollisions_d.lib(OgreBulletCollisionsShape.obj) : warning LNK4099: PDB 'vc100.pdb' was not found with 'OgreBulletCollisions_d.lib(OgreBulletCollisionsShape.obj)' or at 'C:\Users\Public\Documents\GameEngings\SimEngines-g5\g5-main\g5-main\bin\Debug\vc100.pdb'; linking object as if no debug info
     1>OgreBulletCollisions_d.lib(OgreBulletCollisionsWorld.obj) : warning LNK4099: PDB 'vc100.pdb' was not found with 'OgreBulletCollisions_d.lib(OgreBulletCollisionsWorld.obj)' or at 'C:\Users\Public\Documents\GameEngings\SimEngines-g5\g5-main\g5-main\bin\Debug\vc100.pdb'; linking object as if no debug info
     1>OgreBulletCollisions_d.lib(OgreBulletCollisionsBoxShape.obj) : warning LNK4099: PDB 'vc100.pdb' was not found with 'OgreBulletCollisions_d.lib(OgreBulletCollisionsBoxShape.obj)' or at 'C:\Users\Public\Documents\GameEngings\SimEngines-g5\g5-main\g5-main\bin\Debug\vc100.pdb'; linking object as if no debug info
     1>OgreBulletCollisions_d.lib(OgreBulletCollisionsGImpactShape.obj) : warning LNK4099: PDB 'vc100.pdb' was not found with 'OgreBulletCollisions_d.lib(OgreBulletCollisionsGImpactShape.obj)' or at 'C:\Users\Public\Documents\GameEngings\SimEngines-g5\g5-main\g5-main\bin\Debug\vc100.pdb'; linking object as if no debug info
     1>OgreBulletCollisions_d.lib(OgreBulletCollisionsStaticPlaneShape.obj) : warning LNK4099: PDB 'vc100.pdb' was not found with 'OgreBulletCollisions_d.lib(OgreBulletCollisionsStaticPlaneShape.obj)' or at 'C:\Users\Public\Documents\GameEngings\SimEngines-g5\g5-main\g5-main\bin\Debug\vc100.pdb'; linking object as if no debug info
     1>OgreBulletCollisions_d.lib(OgreBulletCollisionsDebugDrawer.obj) : warning LNK4099: PDB 'vc100.pdb' was not found with 'OgreBulletCollisions_d.lib(OgreBulletCollisionsDebugDrawer.obj)' or at 'C:\Users\Public\Documents\GameEngings\SimEngines-g5\g5-main\g5-main\bin\Debug\vc100.pdb'; linking object as if no debug info
     1>OgreBulletCollisions_d.lib(OgreBulletCollisionsDebugLines.obj) : warning LNK4099: PDB 'vc100.pdb' was not found with 'OgreBulletCollisions_d.lib(OgreBulletCollisionsDebugLines.obj)' or at 'C:\Users\Public\Documents\GameEngings\SimEngines-g5\g5-main\g5-main\bin\Debug\vc100.pdb'; linking object as if no debug info
     1>OgreBulletCollisions_d.lib(OgreBulletCollisionsDebugShape.obj) : warning LNK4099: PDB 'vc100.pdb' was not found with 'OgreBulletCollisions_d.lib(OgreBulletCollisionsDebugShape.obj)' or at 'C:\Users\Public\Documents\GameEngings\SimEngines-g5\g5-main\g5-main\bin\Debug\vc100.pdb'; linking object as if no debug info
     1>OgreBulletDynamics_d.lib(OgreBulletDynamicsConstraint.obj) : warning LNK4099: PDB 'vc100.pdb' was not found with 'OgreBulletDynamics_d.lib(OgreBulletDynamicsConstraint.obj)' or at 'C:\Users\Public\Documents\GameEngings\SimEngines-g5\g5-main\g5-main\bin\Debug\vc100.pdb'; linking object as if no debug info
     1>OgreBulletDynamics_d.lib(OgreBulletDynamicsPrecompiled.obj) : warning LNK4099: PDB 'vc100.pdb' was not found with 'OgreBulletDynamics_d.lib(OgreBulletDynamicsPrecompiled.obj)' or at 'C:\Users\Public\Documents\GameEngings\SimEngines-g5\g5-main\g5-main\bin\Debug\vc100.pdb'; linking object as if no debug info
     1>OgreBulletDynamics_d.lib(OgreBulletDynamicsRigidBody.obj) : warning LNK4099: PDB 'vc100.pdb' was not found with 'OgreBulletDynamics_d.lib(OgreBulletDynamicsRigidBody.obj)' or at 'C:\Users\Public\Documents\GameEngings\SimEngines-g5\g5-main\g5-main\bin\Debug\vc100.pdb'; linking object as if no debug info
     1>OgreBulletDynamics_d.lib(OgreBulletDynamicsWorld.obj) : warning LNK4099: PDB 'vc100.pdb' was not found with 'OgreBulletDynamics_d.lib(OgreBulletDynamicsWorld.obj)' or at 'C:\Users\Public\Documents\GameEngings\SimEngines-g5\g5-main\g5-main\bin\Debug\vc100.pdb'; linking object as if no debug info
     1>OgreBulletDynamics_d.lib(OgreBulletDynamicsRaycastVehicle.obj) : warning LNK4099: PDB 'vc100.pdb' was not found with 'OgreBulletDynamics_d.lib(OgreBulletDynamicsRaycastVehicle.obj)' or at 'C:\Users\Public\Documents\GameEngings\SimEngines-g5\g5-main\g5-main\bin\Debug\vc100.pdb'; linking object as if no debug info
       Manifest:
         C:\Program Files (x86)\Microsoft SDKs\Windows\v7.0A\bin\mt.exe /nologo /verbose /out:"obj\Debug\g5-main.exe.embed.manifest" /manifest "obj\Debug\g5-main.exe.intermediate.manifest"
         All outputs are up-to-date.
       LinkEmbedManifest:
         All outputs are up-to-date.
         g5-main.vcxproj -> C:\Users\Public\Documents\GameEngings\SimEngines-g5\g5-main\g5-main\bin\Debug\g5-main.exe
       PostBuildEvent:
         Description: Copying exe to samples bin directory ...
         copy "bin\Debug\\g5-main.exe" "C:\Users\Public\Documents\GameEngings\libs-SDK\OgreSDK\OgreSDK_vc10_v1-7-1\Bin\Debug"
         :VCEnd
                 1 file(s) copied.
       FinalizeBuildStatus:
         Deleting file "obj\Debug\g5-main.unsuccessfulbuild".
         Touching "obj\Debug\g5-main.lastbuildstate".
     1>Done Building Project "C:\Users\Public\Documents\GameEngings\SimEngines-g5\g5-main\g5-main\g5-main.vcxproj" (build target(s)).

Build succeeded.

Time Elapsed 00:00:04.72
