C:\USERS\SUVASH\DEVELOPER\BULLETBUILD\DEMOS\HELLOWORLD\APPHELLOWORLD.DIR\DEBUG\APPHELLOWORLD.EXE.INTERMEDIATE.MANIFEST
C:\Users\suVasH\Developer\bulletBuild\Demos\HelloWorld\AppHelloWorld.dir\Debug\AppHelloWorld.write.1.tlog
C:\USERS\SUVASH\DEVELOPER\BULLETBUILD\DEMOS\HELLOWORLD\APPHELLOWORLD.DIR\DEBUG\BULLET.RES
C:\Users\suVasH\Developer\bulletBuild\Demos\HelloWorld\AppHelloWorld.dir\Debug\cl.command.1.tlog
C:\Users\suVasH\Developer\bulletBuild\Demos\HelloWorld\AppHelloWorld.dir\Debug\CL.read.1.tlog
C:\Users\suVasH\Developer\bulletBuild\Demos\HelloWorld\AppHelloWorld.dir\Debug\CL.write.1.tlog
C:\Users\suVasH\Developer\bulletBuild\Demos\HelloWorld\AppHelloWorld.dir\Debug\custombuild.command.1.tlog
C:\Users\suVasH\Developer\bulletBuild\Demos\HelloWorld\AppHelloWorld.dir\Debug\custombuild.read.1.tlog
C:\Users\suVasH\Developer\bulletBuild\Demos\HelloWorld\AppHelloWorld.dir\Debug\custombuild.write.1.tlog
C:\USERS\SUVASH\DEVELOPER\BULLETBUILD\DEMOS\HELLOWORLD\APPHELLOWORLD.DIR\DEBUG\HELLOWORLD.OBJ
C:\Users\suVasH\Developer\bulletBuild\Demos\HelloWorld\AppHelloWorld.dir\Debug\link.command.1.tlog
C:\Users\suVasH\Developer\bulletBuild\Demos\HelloWorld\AppHelloWorld.dir\Debug\link.read.1.tlog
C:\Users\suVasH\Developer\bulletBuild\Demos\HelloWorld\AppHelloWorld.dir\Debug\link.write.1.tlog
C:\Users\suVasH\Developer\bulletBuild\Demos\HelloWorld\AppHelloWorld.dir\Debug\link-cvtres.read.1.tlog
C:\Users\suVasH\Developer\bulletBuild\Demos\HelloWorld\AppHelloWorld.dir\Debug\link-cvtres.write.1.tlog
C:\Users\suVasH\Developer\bulletBuild\Demos\HelloWorld\AppHelloWorld.dir\Debug\mt.command.1.tlog
C:\Users\suVasH\Developer\bulletBuild\Demos\HelloWorld\AppHelloWorld.dir\Debug\mt.read.1.tlog
C:\Users\suVasH\Developer\bulletBuild\Demos\HelloWorld\AppHelloWorld.dir\Debug\mt.write.1.tlog
C:\Users\suVasH\Developer\bulletBuild\Demos\HelloWorld\AppHelloWorld.dir\Debug\rc.command.1.tlog
C:\Users\suVasH\Developer\bulletBuild\Demos\HelloWorld\AppHelloWorld.dir\Debug\rc.read.1.tlog
C:\Users\suVasH\Developer\bulletBuild\Demos\HelloWorld\AppHelloWorld.dir\Debug\rc.write.1.tlog
C:\USERS\SUVASH\DEVELOPER\BULLETBUILD\DEMOS\HELLOWORLD\CMAKEFILES\GENERATE.STAMP
C:\USERS\SUVASH\DEVELOPER\BULLETBUILD\DEMOS\HELLOWORLD\DEBUG\APPHELLOWORLD.EXE
C:\USERS\SUVASH\DEVELOPER\BULLETBUILD\DEMOS\HELLOWORLD\DEBUG\APPHELLOWORLD.PDB
